<?xml version="1.0" encoding="UTF-8"?>
<!-- Generated by org.testng.reporters.JUnitReportReporter -->
<testsuite skipped="1" hostname="LAPTOP-UUP866NU" name="com.fedex.qa.testcases.HomePageTest" tests="4" failures="0" timestamp="23 Apr 2020 19:45:16 GMT" time="109.146" errors="0">
  <testcase name="validateRateandShipField" time="58.769" classname="com.fedex.qa.testcases.HomePageTest"/>
  <testcase name="validateTrackingField" time="20.235" classname="com.fedex.qa.testcases.HomePageTest">
    <skipped/>
  </testcase> <!-- validateTrackingField -->
  <testcase name="HomePageTitleTest" time="24.596" classname="com.fedex.qa.testcases.HomePageTest"/>
  <testcase name="HomePageHeaderLink" time="5.546" classname="com.fedex.qa.testcases.HomePageTest"/>
</testsuite> <!-- com.fedex.qa.testcases.HomePageTest -->
