<?xml version="1.0" encoding="UTF-8"?>
<!-- Generated by org.testng.reporters.JUnitReportReporter -->
<testsuite skipped="0" hostname="LAPTOP-UUP866NU" name="com.fedex.qa.testcases.AdvanceShipmentTrackingTest" tests="1" failures="0" timestamp="17 Apr 2020 17:04:23 GMT" time="26.145" errors="0">
  <testcase name="AdvanceShipmentTrackingTest" time="26.145" classname="com.fedex.qa.testcases.AdvanceShipmentTrackingTest"/>
</testsuite> <!-- com.fedex.qa.testcases.AdvanceShipmentTrackingTest -->
